#
# A fatal error has been detected by the Java Runtime Environment:
#
#  EXCEPTION_ACCESS_VIOLATION (0xc0000005) at pc=0x00000000769eeb96, pid=10980, tid=0x0000000000003ab0
#
# JRE version: OpenJDK Runtime Environment (8.0_202-b03) (build 1.8.0_202-release-1483-b03)
# Java VM: OpenJDK 64-Bit Server VM (25.202-b03 mixed mode windows-amd64 compressed oops)
# Problematic frame:
# V  [jvm.dll+0x3ceb96]
#
# Failed to write core dump. Minidumps are not enabled by default on client versions of Windows
#
# If you would like to submit a bug report, please visit:
#   http://bugreport.java.com/bugreport/crash.jsp
#

---------------  T H R E A D  ---------------

Current thread (0x000000000300a800):  GCTaskThread [stack: 0x0000000012bc0000,0x0000000012cc0000] [id=15024]

siginfo: ExceptionCode=0xc0000005, reading address 0xffffffffffffffff

Registers:
RAX=0x006f0065006d0068, RBX=0x00000000f045c9d0, RCX=0x0000000071006407, RDX=0x0000000071006400
RSP=0x0000000012cbf160, RBP=0x000000000e200c98, RSI=0x0000000018750440, RDI=0x00000000a17ad420
R8 =0x00000000b0bf8148, R9 =0x1fffffffffffffff, R10=0x0000000000000008, R11=0x00000000f2384218
R12=0x00000000124bbd66, R13=0x006f0065006d0068, R14=0x0000000000000000, R15=0x0000000003002870
RIP=0x00000000769eeb96, EFLAGS=0x0000000000010202

Top of Stack: (sp=0x0000000012cbf160)
0x0000000012cbf160:   00000000f045cbb8 0000000000000003
0x0000000012cbf170:   0000000018750440 0000000076c39290
0x0000000012cbf180:   00000000f237c228 0000000000001000
0x0000000012cbf190:   0000000018750440 000000007670df73
0x0000000012cbf1a0:   0000000000000000 0000000018750400
0x0000000012cbf1b0:   00000000124bbd66 00000000769eeef0
0x0000000012cbf1c0:   00000000f237fb2c 00000000124bbd83
0x0000000012cbf1d0:   0000000018750440 00000000a17ad420
0x0000000012cbf1e0:   00000000f237fb2c 00000000769efa95
0x0000000012cbf1f0:   00000000f02d06b8 00000000124bbd83
0x0000000012cbf200:   0000000018750440 0000000018750440
0x0000000012cbf210:   0000000018750440 00007ffdf56d8ba3
0x0000000012cbf220:   00000000a13eaf1c 000000007670f897
0x0000000012cbf230:   0000000018750440 000000007670df73
0x0000000012cbf240:   00000000a17ac631 00000000a17ac631
0x0000000012cbf250:   00000000a17ad284 000000007670f897 

Instructions: (pc=0x00000000769eeb96)
0x00000000769eeb76:   48 8b 52 08 48 8b cb e8 ce ca cb ff 48 63 e8 41
0x00000000769eeb86:   0f b6 c5 f6 d0 a8 01 49 8b c5 74 06 48 83 e0 fd
0x00000000769eeb96:   8b 00 48 c1 e8 03 83 e0 0f 3b 05 93 b4 3f 00 0f
0x00000000769eeba6:   83 11 01 00 00 48 8b d5 48 8b ce e8 3a fa ff ff 


Register to memory mapping:

RAX=0x006f0065006d0068 is an unknown value
RBX=0x00000000f045c9d0 is an oop

[error occurred during error reporting (printing register info), id 0xc0000005]

Stack: [0x0000000012bc0000,0x0000000012cc0000],  sp=0x0000000012cbf160,  free space=1020k
Native frames: (J=compiled Java code, j=interpreted, Vv=VM code, C=native code)
V  [jvm.dll+0x3ceb96]
V  [jvm.dll+0x3ceef0]
V  [jvm.dll+0x3cfa95]
V  [jvm.dll+0x3bf5cf]
V  [jvm.dll+0x3d1a52]
V  [jvm.dll+0x3c0d9e]
V  [jvm.dll+0x26f5ba]
C  [msvcr100.dll+0x21d9f]
C  [msvcr100.dll+0x21e3b]
C  [KERNEL32.DLL+0x17bd4]
C  [ntdll.dll+0x6ced1]


---------------  P R O C E S S  ---------------

Java Threads: ( => current thread )
  0x000000001e6ea800 JavaThread "Cache worker for Java compile cache (C:\Users\david\Documents\Programming\School\Senior_Project\Telemedicine\.gradle\5.4.1\javaCompile)" [_thread_blocked, id=2728, stack(0x0000000028e10000,0x0000000028f10000)]
  0x000000001d491000 JavaThread "Cache worker for execution history cache (C:\Users\david\Documents\Programming\School\Senior_Project\Telemedicine\.gradle\5.4.1\executionHistory)" [_thread_blocked, id=17032, stack(0x00000000282e0000,0x00000000283e0000)]
  0x000000001d495800 JavaThread "Execution worker for ':' Thread 11" [_thread_blocked, id=820, stack(0x00000000281e0000,0x00000000282e0000)]
  0x000000001d497000 JavaThread "Execution worker for ':' Thread 10" [_thread_blocked, id=1332, stack(0x00000000280e0000,0x00000000281e0000)]
  0x000000001d492000 JavaThread "Execution worker for ':' Thread 9" [_thread_blocked, id=17176, stack(0x0000000027fe0000,0x00000000280e0000)]
  0x000000001d493800 JavaThread "Execution worker for ':' Thread 8" [_thread_blocked, id=4264, stack(0x0000000027ee0000,0x0000000027fe0000)]
  0x000000001d496800 JavaThread "Execution worker for ':' Thread 7" [_thread_blocked, id=2200, stack(0x0000000027de0000,0x0000000027ee0000)]
  0x000000001d498000 JavaThread "Execution worker for ':' Thread 6" [_thread_blocked, id=15692, stack(0x0000000027ce0000,0x0000000027de0000)]
  0x000000001d495000 JavaThread "Execution worker for ':' Thread 5" [_thread_blocked, id=9928, stack(0x0000000027be0000,0x0000000027ce0000)]
  0x000000001d489800 JavaThread "Execution worker for ':' Thread 4" [_thread_blocked, id=3352, stack(0x0000000027ae0000,0x0000000027be0000)]
  0x000000001d48f800 JavaThread "Execution worker for ':' Thread 3" [_thread_blocked, id=2216, stack(0x0000000027630000,0x0000000027730000)]
  0x000000001d48c000 JavaThread "Execution worker for ':' Thread 2" [_thread_blocked, id=796, stack(0x00000000272e0000,0x00000000273e0000)]
  0x000000001d48b000 JavaThread "Execution worker for ':'" [_thread_blocked, id=7084, stack(0x0000000025e60000,0x0000000025f60000)]
  0x000000001d48f000 JavaThread "Cache worker for file content cache (C:\Users\david\Documents\Programming\School\Senior_Project\Telemedicine\.gradle\5.4.1\fileContent)" [_thread_blocked, id=17256, stack(0x00000000258a0000,0x00000000259a0000)]
  0x000000001d490800 JavaThread "Cache worker for Build Output Cleanup Cache (C:\Users\david\Documents\Programming\School\Senior_Project\Telemedicine\.gradle\buildOutputCleanup)" [_thread_blocked, id=16608, stack(0x0000000024410000,0x0000000024510000)]
  0x000000001d489000 JavaThread "Build operations Thread 12" [_thread_blocked, id=14932, stack(0x0000000024310000,0x0000000024410000)]
  0x000000001d48e000 JavaThread "Build operations Thread 11" [_thread_blocked, id=600, stack(0x0000000024210000,0x0000000024310000)]
  0x000000001d48c800 JavaThread "Build operations Thread 10" [_thread_blocked, id=14036, stack(0x0000000024110000,0x0000000024210000)]
  0x0000000020e9a800 JavaThread "Build operations Thread 9" [_thread_blocked, id=10896, stack(0x0000000024010000,0x0000000024110000)]
  0x0000000020e99800 JavaThread "Build operations Thread 8" [_thread_blocked, id=6524, stack(0x0000000023f10000,0x0000000024010000)]
  0x0000000020e99000 JavaThread "Build operations Thread 7" [_thread_blocked, id=8380, stack(0x0000000023e10000,0x0000000023f10000)]
  0x0000000020e98000 JavaThread "Build operations Thread 6" [_thread_blocked, id=2028, stack(0x0000000023d10000,0x0000000023e10000)]
  0x0000000020e97800 JavaThread "Build operations Thread 5" [_thread_blocked, id=16772, stack(0x0000000023c10000,0x0000000023d10000)]
  0x0000000020e96800 JavaThread "Build operations Thread 4" [_thread_blocked, id=7312, stack(0x0000000023b10000,0x0000000023c10000)]
  0x0000000020e96000 JavaThread "Build operations Thread 3" [_thread_blocked, id=4960, stack(0x0000000023a10000,0x0000000023b10000)]
  0x0000000020e8e800 JavaThread "Build operations Thread 2" [_thread_blocked, id=2372, stack(0x0000000023710000,0x0000000023810000)]
  0x0000000020e8b800 JavaThread "Build operations" [_thread_blocked, id=7788, stack(0x00000000230d0000,0x00000000231d0000)]
  0x0000000020e95000 JavaThread "Cache worker for cache directory md-rule (C:\Users\david\.gradle\caches\5.4.1\md-rule)" [_thread_blocked, id=11740, stack(0x00000000209c0000,0x0000000020ac0000)]
  0x0000000020e8d800 JavaThread "Cache worker for cache directory md-supplier (C:\Users\david\.gradle\caches\5.4.1\md-supplier)" [_thread_blocked, id=6092, stack(0x00000000206c0000,0x00000000207c0000)]
  0x0000000020e94800 JavaThread "Cache worker for file hash cache (C:\Users\david\Documents\Programming\School\Senior_Project\Telemedicine\.gradle\5.4.1\fileHashes)" [_thread_blocked, id=6868, stack(0x000000001cd50000,0x000000001ce50000)]
  0x0000000020e93800 JavaThread "Thread-95" [_thread_blocked, id=824, stack(0x000000001ca50000,0x000000001cb50000)]
  0x0000000020e8c000 JavaThread "Stdin handler" [_thread_blocked, id=4480, stack(0x000000001c950000,0x000000001ca50000)]
  0x0000000020e93000 JavaThread "Asynchronous log dispatcher for DefaultDaemonConnection: socket connection from /127.0.0.1:61182 to /127.0.0.1:62191" [_thread_blocked, id=8040, stack(0x000000001c650000,0x000000001c750000)]
  0x0000000020e92000 JavaThread "Daemon worker Thread 3" [_thread_blocked, id=1020, stack(0x000000001c550000,0x000000001c650000)]
  0x0000000020e91800 JavaThread "Cancel handler" [_thread_blocked, id=8360, stack(0x0000000001310000,0x0000000001410000)]
  0x0000000020e90800 JavaThread "Handler for socket connection from /127.0.0.1:61182 to /127.0.0.1:62191" [_thread_in_native, id=16580, stack(0x0000000001210000,0x0000000001310000)]
  0x0000000020e8d000 JavaThread "Daemon Thread 3" [_thread_blocked, id=1260, stack(0x0000000001110000,0x0000000001210000)]
  0x000000001d494000 JavaThread "Cache worker for Java compile cache (C:\Users\david\.gradle\caches\5.4.1\javaCompile)" [_thread_blocked, id=7016, stack(0x00000000271e0000,0x00000000272e0000)]
  0x000000001d48d800 JavaThread "Cache worker for file content cache (C:\Users\david\.gradle\caches\5.4.1\fileContent)" [_thread_blocked, id=12476, stack(0x00000000257a0000,0x00000000258a0000)]
  0x000000001e6f6000 JavaThread "Memory manager" [_thread_blocked, id=1660, stack(0x0000000024610000,0x0000000024710000)]
  0x000000001e6ee800 JavaThread "Cache worker for execution history cache (C:\Users\david\.gradle\caches\5.4.1\executionHistory)" [_thread_blocked, id=10708, stack(0x0000000023210000,0x0000000023310000)]
  0x000000001b875800 JavaThread "Cache worker for journal cache (C:\Users\david\.gradle\caches\journal-1)" [_thread_blocked, id=12580, stack(0x000000001e020000,0x000000001e120000)]
  0x000000001b874800 JavaThread "File lock request listener" [_thread_in_native, id=15828, stack(0x000000001df20000,0x000000001e020000)]
  0x000000001b9a0800 JavaThread "Cache worker for file hash cache (C:\Users\david\.gradle\caches\5.4.1\fileHashes)" [_thread_blocked, id=4884, stack(0x000000001de20000,0x000000001df20000)]
  0x000000001b6ad800 JavaThread "Daemon periodic checks" [_thread_blocked, id=1216, stack(0x000000001c450000,0x000000001c550000)]
  0x000000001b68f800 JavaThread "Incoming local TCP Connector on port 61182" [_thread_in_native, id=2392, stack(0x000000001c210000,0x000000001c310000)]
  0x000000001b8fe000 JavaThread "Daemon health stats" [_thread_blocked, id=10828, stack(0x000000001bbd0000,0x000000001bcd0000)]
  0x00000000187d8000 JavaThread "Service Thread" daemon [_thread_blocked, id=11784, stack(0x000000001a200000,0x000000001a300000)]
  0x000000001878e000 JavaThread "C1 CompilerThread3" daemon [_thread_blocked, id=14864, stack(0x000000001a100000,0x000000001a200000)]
  0x000000001878d000 JavaThread "C2 CompilerThread2" daemon [_thread_in_native, id=13252, stack(0x000000001a000000,0x000000001a100000)]
  0x0000000018780000 JavaThread "C2 CompilerThread1" daemon [_thread_blocked, id=8392, stack(0x0000000019f00000,0x000000001a000000)]
  0x0000000018776000 JavaThread "C2 CompilerThread0" daemon [_thread_blocked, id=13896, stack(0x0000000019e00000,0x0000000019f00000)]
  0x0000000018784800 JavaThread "Attach Listener" daemon [_thread_blocked, id=14788, stack(0x0000000019d00000,0x0000000019e00000)]
  0x0000000018783800 JavaThread "Signal Dispatcher" daemon [_thread_blocked, id=16724, stack(0x0000000019c00000,0x0000000019d00000)]
  0x00000000170b2800 JavaThread "Finalizer" daemon [_thread_blocked, id=16700, stack(0x0000000019a00000,0x0000000019b00000)]
  0x0000000018773000 JavaThread "Reference Handler" daemon [_thread_blocked, id=4184, stack(0x0000000019900000,0x0000000019a00000)]
  0x0000000002eee800 JavaThread "main" [_thread_blocked, id=14600, stack(0x0000000002ef0000,0x0000000002ff0000)]

Other Threads:
  0x00000000170a5800 VMThread [stack: 0x0000000019800000,0x0000000019900000] [id=3436]
  0x00000000187d9000 WatcherThread [stack: 0x000000001a300000,0x000000001a400000] [id=4812]

=>0x000000000300a800 (exited) GCTaskThread [stack: 0x0000000012bc0000,0x0000000012cc0000] [id=15024]

VM state:at safepoint (normal execution)

VM Mutex/Monitor currently owned by a thread:  ([mutex/lock_event])
[0x0000000002eed580] Threads_lock - owner thread: 0x00000000170a5800
[0x0000000002eed100] Heap_lock - owner thread: 0x0000000020e92000

heap address: 0x00000000a0000000, size: 1536 MB, Compressed Oops mode: 32-bit
Narrow klass base: 0x0000000000000000, Narrow klass shift: 3
Compressed class space size: 1073741824 Address: 0x0000000100000000

Heap:
 PSYoungGen      total 266240K, used 266229K [0x00000000e0000000, 0x00000000f2d80000, 0x0000000100000000)
  eden space 236032K, 100% used [0x00000000e0000000,0x00000000ee680000,0x00000000ee680000)
  from space 30208K, 99% used [0x00000000eea00000,0x00000000f077d648,0x00000000f0780000)
  to   space 36352K, 99% used [0x00000000f0a00000,0x00000000f2d78258,0x00000000f2d80000)
 ParOldGen       total 528384K, used 50327K [0x00000000a0000000, 0x00000000c0400000, 0x00000000e0000000)
  object space 528384K, 9% used [0x00000000a0000000,0x00000000a3125ee0,0x00000000c0400000)
 Metaspace       used 82690K, capacity 87082K, committed 87256K, reserved 1124352K
  class space    used 11171K, capacity 11999K, committed 12032K, reserved 1048576K

Card table byte_map: [0x00000000124b0000,0x00000000127c0000] byte_map_base: 0x0000000011fb0000

Marking Bits: (ParMarkBitMap*) 0x0000000076de9f30
 Begin Bits: [0x00000000133c0000, 0x0000000014bc0000)
 End Bits:   [0x0000000014bc0000, 0x00000000163c0000)

Polling page: 0x00000000015d0000

CodeCache: size=245760Kb used=34344Kb max_used=34397Kb free=211415Kb
 bounds [0x00000000030f0000, 0x00000000052c0000, 0x00000000120f0000]
 total_blobs=11665 nmethods=10821 adapters=754
 compilation: enabled

Compilation events (10 events):
Event: 10070.852 Thread 0x0000000018780000 12777       4       com.sun.tools.javac.jvm.ClassReader::skipMember (55 bytes)
Event: 10070.852 Thread 0x000000001878e000 nmethod 12926 0x0000000004d5ead0 code [0x0000000004d5ecc0, 0x0000000004d5f3f8]
Event: 10070.852 Thread 0x000000001878e000 12927       3       com.google.common.cache.LocalCache::getOrLoad (10 bytes)
Event: 10070.853 Thread 0x000000001878e000 nmethod 12927 0x000000000478f410 code [0x000000000478f5e0, 0x000000000478fc98]
Event: 10070.853 Thread 0x000000001878e000 12928       1       org.gradle.api.internal.tasks.TaskExecutionOutcome::getMessage (5 bytes)
Event: 10070.853 Thread 0x000000001878e000 nmethod 12928 0x0000000004d5df50 code [0x0000000004d5e0a0, 0x0000000004d5e1b0]
Event: 10070.854 Thread 0x0000000018780000 nmethod 12777 0x0000000004d5e650 code [0x0000000004d5e7a0, 0x0000000004d5e958]
Event: 10070.854 Thread 0x0000000018780000 12855       4       com.sun.tools.javac.util.List::length (24 bytes)
Event: 10070.855 Thread 0x0000000018780000 nmethod 12855 0x00000000051c7250 code [0x00000000051c7380, 0x00000000051c7418]
Event: 10070.855 Thread 0x0000000018780000 12761       4       com.sun.tools.javac.file.Locations::lazy (72 bytes)

GC Heap History (10 events):
Event: 6.859 GC heap after
Heap after GC invocations=8 (full 2):
 PSYoungGen      total 271872K, used 20676K [0x00000000e0000000, 0x00000000f2e00000, 0x0000000100000000)
  eden space 250368K, 0% used [0x00000000e0000000,0x00000000e0000000,0x00000000ef480000)
  from space 21504K, 96% used [0x00000000f0c00000,0x00000000f2031218,0x00000000f2100000)
  to   space 24064K, 0% used [0x00000000ef480000,0x00000000ef480000,0x00000000f0c00000)
 ParOldGen       total 352768K, used 19670K [0x00000000a0000000, 0x00000000b5880000, 0x00000000e0000000)
  object space 352768K, 5% used [0x00000000a0000000,0x00000000a1335b30,0x00000000b5880000)
 Metaspace       used 57172K, capacity 58878K, committed 59028K, reserved 1099776K
  class space    used 7786K, capacity 8165K, committed 8192K, reserved 1048576K
}
Event: 6.859 GC heap before
{Heap before GC invocations=9 (full 3):
 PSYoungGen      total 271872K, used 20676K [0x00000000e0000000, 0x00000000f2e00000, 0x0000000100000000)
  eden space 250368K, 0% used [0x00000000e0000000,0x00000000e0000000,0x00000000ef480000)
  from space 21504K, 96% used [0x00000000f0c00000,0x00000000f2031218,0x00000000f2100000)
  to   space 24064K, 0% used [0x00000000ef480000,0x00000000ef480000,0x00000000f0c00000)
 ParOldGen       total 352768K, used 19670K [0x00000000a0000000, 0x00000000b5880000, 0x00000000e0000000)
  object space 352768K, 5% used [0x00000000a0000000,0x00000000a1335b30,0x00000000b5880000)
 Metaspace       used 57172K, capacity 58878K, committed 59028K, reserved 1099776K
  class space    used 7786K, capacity 8165K, committed 8192K, reserved 1048576K
Event: 7.042 GC heap after
Heap after GC invocations=9 (full 3):
 PSYoungGen      total 271872K, used 0K [0x00000000e0000000, 0x00000000f2e00000, 0x0000000100000000)
  eden space 250368K, 0% used [0x00000000e0000000,0x00000000e0000000,0x00000000ef480000)
  from space 21504K, 0% used [0x00000000f0c00000,0x00000000f0c00000,0x00000000f2100000)
  to   space 24064K, 0% used [0x00000000ef480000,0x00000000ef480000,0x00000000f0c00000)
 ParOldGen       total 528384K, used 35056K [0x00000000a0000000, 0x00000000c0400000, 0x00000000e0000000)
  object space 528384K, 6% used [0x00000000a0000000,0x00000000a223c078,0x00000000c0400000)
 Metaspace       used 57058K, capacity 58592K, committed 59028K, reserved 1099776K
  class space    used 7754K, capacity 8108K, committed 8192K, reserved 1048576K
}
Event: 9713.408 GC heap before
{Heap before GC invocations=10 (full 3):
 PSYoungGen      total 271872K, used 250368K [0x00000000e0000000, 0x00000000f2e00000, 0x0000000100000000)
  eden space 250368K, 100% used [0x00000000e0000000,0x00000000ef480000,0x00000000ef480000)
  from space 21504K, 0% used [0x00000000f0c00000,0x00000000f0c00000,0x00000000f2100000)
  to   space 24064K, 0% used [0x00000000ef480000,0x00000000ef480000,0x00000000f0c00000)
 ParOldGen       total 528384K, used 35056K [0x00000000a0000000, 0x00000000c0400000, 0x00000000e0000000)
  object space 528384K, 6% used [0x00000000a0000000,0x00000000a223c078,0x00000000c0400000)
 Metaspace       used 63303K, capacity 65660K, committed 65752K, reserved 1105920K
  class space    used 8346K, capacity 8872K, committed 8960K, reserved 1048576K
Event: 9713.417 GC heap after
Heap after GC invocations=10 (full 3):
 PSYoungGen      total 259584K, used 12984K [0x00000000e0000000, 0x00000000f1e80000, 0x0000000100000000)
  eden space 246272K, 0% used [0x00000000e0000000,0x00000000e0000000,0x00000000ef080000)
  from space 13312K, 97% used [0x00000000ef480000,0x00000000f012e158,0x00000000f0180000)
  to   space 23552K, 0% used [0x00000000f0780000,0x00000000f0780000,0x00000000f1e80000)
 ParOldGen       total 528384K, used 35064K [0x00000000a0000000, 0x00000000c0400000, 0x00000000e0000000)
  object space 528384K, 6% used [0x00000000a0000000,0x00000000a223e078,0x00000000c0400000)
 Metaspace       used 63303K, capacity 65660K, committed 65752K, reserved 1105920K
  class space    used 8346K, capacity 8872K, committed 8960K, reserved 1048576K
}
Event: 9715.229 GC heap before
{Heap before GC invocations=11 (full 3):
 PSYoungGen      total 259584K, used 259256K [0x00000000e0000000, 0x00000000f1e80000, 0x0000000100000000)
  eden space 246272K, 100% used [0x00000000e0000000,0x00000000ef080000,0x00000000ef080000)
  from space 13312K, 97% used [0x00000000ef480000,0x00000000f012e158,0x00000000f0180000)
  to   space 23552K, 0% used [0x00000000f0780000,0x00000000f0780000,0x00000000f1e80000)
 ParOldGen       total 528384K, used 35064K [0x00000000a0000000, 0x00000000c0400000, 0x00000000e0000000)
  object space 528384K, 6% used [0x00000000a0000000,0x00000000a223e078,0x00000000c0400000)
 Metaspace       used 70219K, capacity 72746K, committed 73048K, reserved 1112064K
  class space    used 9194K, capacity 9745K, committed 9856K, reserved 1048576K
Event: 9715.248 GC heap after
Heap after GC invocations=11 (full 3):
 PSYoungGen      total 263168K, used 23536K [0x00000000e0000000, 0x00000000f2780000, 0x0000000100000000)
  eden space 239616K, 0% used [0x00000000e0000000,0x00000000e0000000,0x00000000eea00000)
  from space 23552K, 99% used [0x00000000f0780000,0x00000000f1e7c198,0x00000000f1e80000)
  to   space 30208K, 0% used [0x00000000eea00000,0x00000000eea00000,0x00000000f0780000)
 ParOldGen       total 528384K, used 44086K [0x00000000a0000000, 0x00000000c0400000, 0x00000000e0000000)
  object space 528384K, 8% used [0x00000000a0000000,0x00000000a2b0da70,0x00000000c0400000)
 Metaspace       used 70219K, capacity 72746K, committed 73048K, reserved 1112064K
  class space    used 9194K, capacity 9745K, committed 9856K, reserved 1048576K
}
Event: 9716.946 GC heap before
{Heap before GC invocations=12 (full 3):
 PSYoungGen      total 263168K, used 263152K [0x00000000e0000000, 0x00000000f2780000, 0x0000000100000000)
  eden space 239616K, 100% used [0x00000000e0000000,0x00000000eea00000,0x00000000eea00000)
  from space 23552K, 99% used [0x00000000f0780000,0x00000000f1e7c198,0x00000000f1e80000)
  to   space 30208K, 0% used [0x00000000eea00000,0x00000000eea00000,0x00000000f0780000)
 ParOldGen       total 528384K, used 44086K [0x00000000a0000000, 0x00000000c0400000, 0x00000000e0000000)
  object space 528384K, 8% used [0x00000000a0000000,0x00000000a2b0da70,0x00000000c0400000)
 Metaspace       used 80700K, capacity 84830K, committed 84952K, reserved 1122304K
  class space    used 10918K, capacity 11707K, committed 11776K, reserved 1048576K
Event: 9716.960 GC heap after
Heap after GC invocations=12 (full 3):
 PSYoungGen      total 266240K, used 30197K [0x00000000e0000000, 0x00000000f2d80000, 0x0000000100000000)
  eden space 236032K, 0% used [0x00000000e0000000,0x00000000e0000000,0x00000000ee680000)
  from space 30208K, 99% used [0x00000000eea00000,0x00000000f077d648,0x00000000f0780000)
  to   space 36352K, 0% used [0x00000000f0a00000,0x00000000f0a00000,0x00000000f2d80000)
 ParOldGen       total 528384K, used 50279K [0x00000000a0000000, 0x00000000c0400000, 0x00000000e0000000)
  object space 528384K, 9% used [0x00000000a0000000,0x00000000a3119ee0,0x00000000c0400000)
 Metaspace       used 80700K, capacity 84830K, committed 84952K, reserved 1122304K
  class space    used 10918K, capacity 11707K, committed 11776K, reserved 1048576K
}
Event: 10070.863 GC heap before
{Heap before GC invocations=13 (full 3):
 PSYoungGen      total 266240K, used 266229K [0x00000000e0000000, 0x00000000f2d80000, 0x0000000100000000)
  eden space 236032K, 100% used [0x00000000e0000000,0x00000000ee680000,0x00000000ee680000)
  from space 30208K, 99% used [0x00000000eea00000,0x00000000f077d648,0x00000000f0780000)
  to   space 36352K, 0% used [0x00000000f0a00000,0x00000000f0a00000,0x00000000f2d80000)
 ParOldGen       total 528384K, used 50279K [0x00000000a0000000, 0x00000000c0400000, 0x00000000e0000000)
  object space 528384K, 9% used [0x00000000a0000000,0x00000000a3119ee0,0x00000000c0400000)
 Metaspace       used 82690K, capacity 87082K, committed 87256K, reserved 1124352K
  class space    used 11171K, capacity 11999K, committed 12032K, reserved 1048576K

Deoptimization events (10 events):
Event: 10070.001 Thread 0x000000001d48b000 Uncommon trap: reason=unstable_if action=reinterpret pc=0x0000000003c558c0 method=com.google.common.collect.MapMakerInternalMap$Segment.getEntry(Ljava/lang/Object;I)Lcom/google/common/collect/MapMakerInternalMap$InternalEntry; @ 40
Event: 10070.003 Thread 0x000000001d493800 Uncommon trap: reason=unstable_if action=reinterpret pc=0x0000000003c63274 method=java.util.concurrent.ConcurrentLinkedQueue.offer(Ljava/lang/Object;)Z @ 72
Event: 10070.003 Thread 0x000000001d495800 Uncommon trap: reason=unstable_if action=reinterpret pc=0x0000000004970d9c method=java.util.concurrent.ArrayBlockingQueue.enqueue(Ljava/lang/Object;)V @ 25
Event: 10070.006 Thread 0x000000001b875800 Uncommon trap: reason=unstable_if action=reinterpret pc=0x000000000490f2f0 method=java.util.concurrent.ArrayBlockingQueue.dequeue()Ljava/lang/Object; @ 32
Event: 10070.075 Thread 0x000000001d493800 Uncommon trap: reason=unstable_if action=reinterpret pc=0x000000000484ec00 method=com.google.common.collect.MapMakerInternalMap$Segment.getEntry(Ljava/lang/Object;I)Lcom/google/common/collect/MapMakerInternalMap$InternalEntry; @ 40
Event: 10070.469 Thread 0x000000001d493800 Uncommon trap: reason=unstable_if action=reinterpret pc=0x0000000004b36a70 method=com.sun.tools.javac.util.BaseFileManager.getKind(Ljava/lang/String;)Ljavax/tools/JavaFileObject$Kind; @ 10
Event: 10070.562 Thread 0x000000001d493800 Uncommon trap: reason=unstable_if action=reinterpret pc=0x0000000003d5f5c8 method=java.lang.StringCoding$StringDecoder.decode([BII)[C @ 20
Event: 10070.566 Thread 0x000000001d493800 Uncommon trap: reason=unstable_if action=reinterpret pc=0x0000000004b3771c method=com.sun.tools.javac.file.ZipFileIndex.isUpToDate()Z @ 32
Event: 10070.577 Thread 0x000000001d493800 Uncommon trap: reason=unstable_if action=reinterpret pc=0x0000000004b38eec method=com.sun.tools.javac.file.ZipFileIndex.isUpToDate()Z @ 32
Event: 10070.661 Thread 0x000000001d493800 Uncommon trap: reason=unstable_if action=reinterpret pc=0x0000000004c39334 method=com.sun.tools.javac.code.Types$19.visitClassType(Lcom/sun/tools/javac/code/Type$ClassType;Ljava/lang/Void;)Lcom/sun/tools/javac/util/List; @ 22

Classes redefined (0 events):
No events

Internal exceptions (10 events):
Event: 10069.608 Thread 0x0000000020e92000 Exception <a 'java/lang/NoSuchMethodError': <clinit>> (0x00000000e2f82b20) thrown at [D:\src\AOSP-openjdk-cygwin\jdk8u\hotspot\src\share\vm\prims\jni.cpp, line 1614]
Event: 10069.608 Thread 0x0000000020e92000 Exception <a 'java/lang/NoSuchMethodError': <clinit>> (0x00000000e2fbe570) thrown at [D:\src\AOSP-openjdk-cygwin\jdk8u\hotspot\src\share\vm\prims\jni.cpp, line 1614]
Event: 10069.610 Thread 0x0000000020e92000 Exception <a 'java/lang/NoSuchMethodError': <clinit>> (0x00000000e302cae8) thrown at [D:\src\AOSP-openjdk-cygwin\jdk8u\hotspot\src\share\vm\prims\jni.cpp, line 1614]
Event: 10069.610 Thread 0x0000000020e92000 Exception <a 'java/lang/NoSuchMethodError': <clinit>> (0x00000000e3030948) thrown at [D:\src\AOSP-openjdk-cygwin\jdk8u\hotspot\src\share\vm\prims\jni.cpp, line 1614]
Event: 10069.610 Thread 0x0000000020e92000 Exception <a 'java/lang/NoSuchMethodError': <clinit>> (0x00000000e30323d0) thrown at [D:\src\AOSP-openjdk-cygwin\jdk8u\hotspot\src\share\vm\prims\jni.cpp, line 1614]
Event: 10069.611 Thread 0x0000000020e92000 Exception <a 'java/lang/NoSuchMethodError': <clinit>> (0x00000000e3033b20) thrown at [D:\src\AOSP-openjdk-cygwin\jdk8u\hotspot\src\share\vm\prims\jni.cpp, line 1614]
Event: 10069.611 Thread 0x0000000020e92000 Exception <a 'java/lang/NoSuchMethodError': <clinit>> (0x00000000e3035120) thrown at [D:\src\AOSP-openjdk-cygwin\jdk8u\hotspot\src\share\vm\prims\jni.cpp, line 1614]
Event: 10069.850 Thread 0x0000000020e92000 Implicit null exception at 0x00000000033d9752 to 0x00000000033da19d
Event: 10070.001 Thread 0x000000001d48b000 Implicit null exception at 0x0000000003c53a56 to 0x0000000003c55899
Event: 10070.075 Thread 0x000000001d493800 Implicit null exception at 0x000000000484c263 to 0x000000000484ebd5

Events (10 events):
Event: 10070.753 Thread 0x000000001878e000 flushing nmethod 0x000000000452dc90
Event: 10070.754 Thread 0x000000001878e000 flushing nmethod 0x000000000478dfd0
Event: 10070.754 Thread 0x000000001878e000 flushing nmethod 0x0000000004805110
Event: 10070.754 Thread 0x000000001878e000 flushing nmethod 0x0000000004821390
Event: 10070.788 Thread 0x000000001878e000 flushing nmethod 0x0000000004c81290
Event: 10070.789 Thread 0x000000001878e000 flushing nmethod 0x0000000004d5de50
Event: 10070.790 Thread 0x000000001878e000 flushing nmethod 0x0000000005000f50
Event: 10070.808 Executing VM operation: RevokeBias
Event: 10070.808 Executing VM operation: RevokeBias done
Event: 10070.862 Executing VM operation: ParallelGCFailedAllocation


Dynamic libraries:
0x00007ff75fd90000 - 0x00007ff75fdc1000 	C:\Program Files\Android\Android Studio\jre\bin\java.exe
0x00007ffdf82c0000 - 0x00007ffdf84b0000 	C:\Windows\SYSTEM32\ntdll.dll
0x00007ffdf6bd0000 - 0x00007ffdf6c82000 	C:\Windows\System32\KERNEL32.DLL
0x00007ffdf56a0000 - 0x00007ffdf5943000 	C:\Windows\System32\KERNELBASE.dll
0x00007ffdf8110000 - 0x00007ffdf81b3000 	C:\Windows\System32\ADVAPI32.dll
0x00007ffdf6ad0000 - 0x00007ffdf6b6e000 	C:\Windows\System32\msvcrt.dll
0x00007ffdf67a0000 - 0x00007ffdf6837000 	C:\Windows\System32\sechost.dll
0x00007ffdf7890000 - 0x00007ffdf79b0000 	C:\Windows\System32\RPCRT4.dll
0x00007ffdf6590000 - 0x00007ffdf6723000 	C:\Windows\System32\USER32.dll
0x00007ffdf62f0000 - 0x00007ffdf6311000 	C:\Windows\System32\win32u.dll
0x00007ffdf80e0000 - 0x00007ffdf8106000 	C:\Windows\System32\GDI32.dll
0x00007ffdf6150000 - 0x00007ffdf62e4000 	C:\Windows\System32\gdi32full.dll
0x00007ffdf5280000 - 0x00007ffdf531e000 	C:\Windows\System32\msvcp_win.dll
0x00007ffdf5320000 - 0x00007ffdf541a000 	C:\Windows\System32\ucrtbase.dll
0x00007ffde8c50000 - 0x00007ffde8ed5000 	C:\Windows\WinSxS\amd64_microsoft.windows.common-controls_6595b64144ccf1df_6.0.18362.388_none_e6c6afa5130d5b6d\COMCTL32.dll
0x00007ffdf6de0000 - 0x00007ffdf7116000 	C:\Windows\System32\combase.dll
0x00007ffdf60d0000 - 0x00007ffdf6150000 	C:\Windows\System32\bcryptPrimitives.dll
0x00007ffdf7e20000 - 0x00007ffdf7e4e000 	C:\Windows\System32\IMM32.DLL
0x0000000076460000 - 0x0000000076532000 	C:\Program Files\Android\Android Studio\jre\jre\bin\msvcr100.dll
0x0000000076620000 - 0x0000000076e66000 	C:\Program Files\Android\Android Studio\jre\jre\bin\server\jvm.dll
0x00007ffdf6370000 - 0x00007ffdf6378000 	C:\Windows\System32\PSAPI.DLL
0x00007ffdf1a00000 - 0x00007ffdf1a24000 	C:\Windows\SYSTEM32\WINMM.dll
0x00007ffdef380000 - 0x00007ffdef38a000 	C:\Windows\SYSTEM32\VERSION.dll
0x00007ffdbfca0000 - 0x00007ffdbfca9000 	C:\Windows\SYSTEM32\WSOCK32.dll
0x00007ffdf6730000 - 0x00007ffdf679f000 	C:\Windows\System32\WS2_32.dll
0x00007ffdf19d0000 - 0x00007ffdf19fd000 	C:\Windows\SYSTEM32\WINMMBASE.dll
0x00007ffdf6320000 - 0x00007ffdf636a000 	C:\Windows\System32\cfgmgr32.dll
0x00007ffdf1260000 - 0x00007ffdf126f000 	C:\Program Files\Android\Android Studio\jre\jre\bin\verify.dll
0x00007ffdf0bc0000 - 0x00007ffdf0be9000 	C:\Program Files\Android\Android Studio\jre\jre\bin\java.dll
0x00007ffde8550000 - 0x00007ffde8566000 	C:\Program Files\Android\Android Studio\jre\jre\bin\zip.dll
0x00007ffdf7120000 - 0x00007ffdf7805000 	C:\Windows\System32\SHELL32.dll
0x00007ffdf64c0000 - 0x00007ffdf6569000 	C:\Windows\System32\shcore.dll
0x00007ffdf5950000 - 0x00007ffdf60cf000 	C:\Windows\System32\windows.storage.dll
0x00007ffdf51e0000 - 0x00007ffdf51ff000 	C:\Windows\System32\profapi.dll
0x00007ffdf5200000 - 0x00007ffdf524a000 	C:\Windows\System32\powrprof.dll
0x00007ffdf5190000 - 0x00007ffdf51a0000 	C:\Windows\System32\UMPDC.dll
0x00007ffdf6b70000 - 0x00007ffdf6bc2000 	C:\Windows\System32\shlwapi.dll
0x00007ffdf51c0000 - 0x00007ffdf51d1000 	C:\Windows\System32\kernel.appcore.dll
0x00007ffdf5570000 - 0x00007ffdf5587000 	C:\Windows\System32\cryptsp.dll
0x00007ffddf9a0000 - 0x00007ffddf9ba000 	C:\Program Files\Android\Android Studio\jre\jre\bin\net.dll
0x00007ffdf4a00000 - 0x00007ffdf4a67000 	C:\Windows\system32\mswsock.dll
0x00007ffdd6eb0000 - 0x00007ffdd6ec1000 	C:\Program Files\Android\Android Studio\jre\jre\bin\nio.dll
0x00007ffdbfcb0000 - 0x00007ffdbfcd6000 	C:\Users\david\.gradle\native\29\windows-amd64\native-platform.dll
0x00007ffdf11f0000 - 0x00007ffdf11fd000 	C:\Program Files\Android\Android Studio\jre\jre\bin\management.dll
0x00007ffdf4570000 - 0x00007ffdf45a3000 	C:\Windows\system32\rsaenh.dll
0x00007ffdf5250000 - 0x00007ffdf5276000 	C:\Windows\System32\bcrypt.dll
0x00007ffdf50b0000 - 0x00007ffdf50d5000 	C:\Windows\SYSTEM32\USERENV.dll
0x00007ffdf4bd0000 - 0x00007ffdf4bdc000 	C:\Windows\SYSTEM32\CRYPTBASE.dll
0x00007ffdf4710000 - 0x00007ffdf474a000 	C:\Windows\SYSTEM32\IPHLPAPI.DLL
0x00007ffdf6840000 - 0x00007ffdf6848000 	C:\Windows\System32\NSI.dll
0x00007ffdedc40000 - 0x00007ffdedc56000 	C:\Windows\SYSTEM32\dhcpcsvc6.DLL
0x00007ffdedab0000 - 0x00007ffdedacc000 	C:\Windows\SYSTEM32\dhcpcsvc.DLL
0x00007ffdf4750000 - 0x00007ffdf481a000 	C:\Windows\SYSTEM32\DNSAPI.dll
0x00007ffdf3a40000 - 0x00007ffdf3c34000 	C:\Windows\SYSTEM32\dbghelp.dll

VM Arguments:
jvm_args: -Xmx1536m -Dfile.encoding=windows-1252 -Duser.country=US -Duser.language=en -Duser.variant 
java_command: org.gradle.launcher.daemon.bootstrap.GradleDaemon 5.4.1
java_class_path (initial): C:\Users\david\.gradle\wrapper\dists\gradle-5.4.1-all\3221gyojl5jsh0helicew7rwx\gradle-5.4.1\lib\gradle-launcher-5.4.1.jar
Launcher Type: SUN_STANDARD

Environment Variables:
PATH=C:\Python27\;C:\Python27\Scripts;C:\Windows\system32;C:\Windows;C:\Windows\System32\Wbem;C:\Windows\System32\WindowsPowerShell\v1.0\;C:\Windows\System32\OpenSSH\;C:\Program Files\NVIDIA Corporation\NVIDIA NvDLISR;C:\Program Files (x86)\NVIDIA Corporation\PhysX\Common;C:\Program Files\Git\cmd;C:\Program Files\Java\jdk-13\bin;C:\ProgramData\chocolatey\bin;C:\Program Files\dotnet\;C:\Users\david\Documents\Programming\Libraries\FFmpeg\ffmpeg-20190918-53d31e9-win64-static\ffmpeg-20190918-53d31e9-win64-static\bin;C:\Program Files (x86)\Yarn\bin\;C:\Program Files\nodejs\;C:\Users\david\AppData\Local\Programs\Python\Python37-32\Scripts\;C:\Users\david\AppData\Local\Programs\Python\Python37-32\;C:\Users\david\AppData\Local\Microsoft\WindowsApps;;C:\Users\david\AppData\Local\Programs\Microsoft VS Code\bin;C:\Users\david\AppData\Local\Yarn\bin;C:\Users\david\AppData\Roaming\npm;C:\Program Files\heroku\bin
USERNAME=david
OS=Windows_NT
PROCESSOR_IDENTIFIER=Intel64 Family 6 Model 79 Stepping 1, GenuineIntel



---------------  S Y S T E M  ---------------

OS: Windows 10.0 , 64 bit Build 18362 (10.0.18362.329)

CPU:total 12 (initial active 12) (6 cores per cpu, 2 threads per core) family 6 model 79 stepping 1, cmov, cx8, fxsr, mmx, sse, sse2, sse3, ssse3, sse4.1, sse4.2, popcnt, avx, avx2, aes, clmul, erms, rtm, 3dnowpref, lzcnt, ht, tsc, tscinvbit, bmi1, bmi2, adx

Memory: 4k page, physical 33457448k(23483676k free), swap 38438184k(23052340k free)

vm_info: OpenJDK 64-Bit Server VM (25.202-b03) for windows-amd64 JRE (1.8.0_202-release-1483-b03), built by "builder" with MS VC++ 10.0 (VS2010)

time: Mon Oct 07 14:17:54 2019
timezone: Eastern Daylight Time
elapsed time: 10070 seconds (0d 2h 47m 50s)

